2026-03-26T03:47:07 prefetch.3.2.0: 1) Resolving 'SRR31168905'...
2026-03-26T03:47:08 prefetch.3.2.0: Current preference is set to retrieve SRA Normalized Format files with full base quality scores
2026-03-26T03:47:08 prefetch.3.2.0: 1) Downloading 'SRR31168905'...
2026-03-26T03:47:08 prefetch.3.2.0:  SRA Normalized Format file is being retrieved
2026-03-26T03:47:08 prefetch.3.2.0:  Downloading via HTTPS...
2026-03-26T03:47:19 prefetch.3.2.0:  HTTPS download succeed
2026-03-26T03:47:22 prefetch.3.2.0:  'SRR31168905' is valid: 285314752 bytes were streamed from 285308433
2026-03-26T03:47:22 prefetch.3.2.0: 1) 'SRR31168905' was downloaded successfully
2026-03-26T03:47:22 prefetch.3.2.0: 1) Resolving 'SRR31168905's dependencies...
2026-03-26T03:47:22 prefetch.3.2.0: 'SRR31168905' has 0 unresolved dependencies
2026-03-26T03:48:30 prefetch.3.2.0: 1) Resolving 'SRR31168906'...
2026-03-26T03:48:31 prefetch.3.2.0: Current preference is set to retrieve SRA Normalized Format files with full base quality scores
2026-03-26T03:48:31 prefetch.3.2.0: 1) Downloading 'SRR31168906'...
2026-03-26T03:48:31 prefetch.3.2.0:  SRA Normalized Format file is being retrieved
2026-03-26T03:48:31 prefetch.3.2.0:  Downloading via HTTPS...
2026-03-26T03:48:40 prefetch.3.2.0:  HTTPS download succeed
2026-03-26T03:48:42 prefetch.3.2.0:  'SRR31168906' is valid: 224529398 bytes were streamed from 224522465
2026-03-26T03:48:42 prefetch.3.2.0: 1) 'SRR31168906' was downloaded successfully
2026-03-26T03:48:42 prefetch.3.2.0: 1) Resolving 'SRR31168906's dependencies...
2026-03-26T03:48:42 prefetch.3.2.0: 'SRR31168906' has 0 unresolved dependencies
2026-03-26T03:48:45 prefetch.3.2.0: 1) Resolving 'SRR31168912'...
2026-03-26T03:48:46 prefetch.3.2.0: Current preference is set to retrieve SRA Normalized Format files with full base quality scores
2026-03-26T03:48:46 prefetch.3.2.0: 1) Downloading 'SRR31168912'...
2026-03-26T03:48:46 prefetch.3.2.0:  SRA Normalized Format file is being retrieved
2026-03-26T03:48:46 prefetch.3.2.0:  Downloading via HTTPS...
2026-03-26T03:48:52 prefetch.3.2.0:  HTTPS download succeed
2026-03-26T03:48:54 prefetch.3.2.0:  'SRR31168912' is valid: 184218083 bytes were streamed from 184210497
2026-03-26T03:48:54 prefetch.3.2.0: 1) 'SRR31168912' was downloaded successfully
2026-03-26T03:48:54 prefetch.3.2.0: 1) Resolving 'SRR31168912's dependencies...
2026-03-26T03:48:54 prefetch.3.2.0: 'SRR31168912' has 0 unresolved dependencies
2026-03-26T03:48:56 prefetch.3.2.0: 1) Resolving 'SRR31168913'...
2026-03-26T03:48:58 prefetch.3.2.0: Current preference is set to retrieve SRA Normalized Format files with full base quality scores
2026-03-26T03:48:58 prefetch.3.2.0: 1) Downloading 'SRR31168913'...
2026-03-26T03:48:58 prefetch.3.2.0:  SRA Normalized Format file is being retrieved
2026-03-26T03:48:58 prefetch.3.2.0:  Downloading via HTTPS...
2026-03-26T03:49:07 prefetch.3.2.0:  HTTPS download succeed
2026-03-26T03:49:09 prefetch.3.2.0:  'SRR31168913' is valid: 227954825 bytes were streamed from 227942433
2026-03-26T03:49:09 prefetch.3.2.0: 1) 'SRR31168913' was downloaded successfully
2026-03-26T03:49:09 prefetch.3.2.0: 1) Resolving 'SRR31168913's dependencies...
2026-03-26T03:49:09 prefetch.3.2.0: 'SRR31168913' has 0 unresolved dependencies
2026-03-26T03:49:11 prefetch.3.2.0: 1) Resolving 'SRR31168934'...
2026-03-26T03:49:12 prefetch.3.2.0: Current preference is set to retrieve SRA Normalized Format files with full base quality scores
2026-03-26T03:49:12 prefetch.3.2.0: 1) Downloading 'SRR31168934'...
2026-03-26T03:49:12 prefetch.3.2.0:  SRA Normalized Format file is being retrieved
2026-03-26T03:49:12 prefetch.3.2.0:  Downloading via HTTPS...
2026-03-26T03:49:22 prefetch.3.2.0:  HTTPS download succeed
2026-03-26T03:49:24 prefetch.3.2.0:  'SRR31168934' is valid: 249757506 bytes were streamed from 249749465
2026-03-26T03:49:25 prefetch.3.2.0: 1) 'SRR31168934' was downloaded successfully
2026-03-26T03:49:25 prefetch.3.2.0: 1) Resolving 'SRR31168934's dependencies...
2026-03-26T03:49:25 prefetch.3.2.0: 'SRR31168934' has 0 unresolved dependencies
2026-03-26T03:49:27 prefetch.3.2.0: 1) Resolving 'SRR31168939'...
2026-03-26T03:49:28 prefetch.3.2.0: Current preference is set to retrieve SRA Normalized Format files with full base quality scores
2026-03-26T03:49:28 prefetch.3.2.0: 1) Downloading 'SRR31168939'...
2026-03-26T03:49:28 prefetch.3.2.0:  SRA Normalized Format file is being retrieved
2026-03-26T03:49:28 prefetch.3.2.0:  Downloading via HTTPS...
2026-03-26T03:49:38 prefetch.3.2.0:  HTTPS download succeed
2026-03-26T03:49:41 prefetch.3.2.0:  'SRR31168939' is valid: 284661889 bytes were streamed from 284661561
2026-03-26T03:49:41 prefetch.3.2.0: 1) 'SRR31168939' was downloaded successfully
2026-03-26T03:49:41 prefetch.3.2.0: 1) Resolving 'SRR31168939's dependencies...
2026-03-26T03:49:41 prefetch.3.2.0: 'SRR31168939' has 0 unresolved dependencies
2026-03-26T03:49:43 prefetch.3.2.0: 1) Resolving 'SRR31168945'...
2026-03-26T03:49:44 prefetch.3.2.0: Current preference is set to retrieve SRA Normalized Format files with full base quality scores
2026-03-26T03:49:44 prefetch.3.2.0: 1) Downloading 'SRR31168945'...
2026-03-26T03:49:44 prefetch.3.2.0:  SRA Normalized Format file is being retrieved
2026-03-26T03:49:44 prefetch.3.2.0:  Downloading via HTTPS...
2026-03-26T03:49:49 prefetch.3.2.0:  HTTPS download succeed
2026-03-26T03:49:50 prefetch.3.2.0:  'SRR31168945' is valid: 137632645 bytes were streamed from 137618465
2026-03-26T03:49:50 prefetch.3.2.0: 1) 'SRR31168945' was downloaded successfully
2026-03-26T03:49:50 prefetch.3.2.0: 1) Resolving 'SRR31168945's dependencies...
2026-03-26T03:49:51 prefetch.3.2.0: 'SRR31168945' has 0 unresolved dependencies
2026-03-26T03:49:53 prefetch.3.2.0: 1) Resolving 'SRR31168974'...
2026-03-26T03:49:54 prefetch.3.2.0: Current preference is set to retrieve SRA Normalized Format files with full base quality scores
2026-03-26T03:49:54 prefetch.3.2.0: 1) Downloading 'SRR31168974'...
2026-03-26T03:49:54 prefetch.3.2.0:  SRA Normalized Format file is being retrieved
2026-03-26T03:49:54 prefetch.3.2.0:  Downloading via HTTPS...
2026-03-26T03:50:02 prefetch.3.2.0:  HTTPS download succeed
2026-03-26T03:50:03 prefetch.3.2.0:  'SRR31168974' is valid: 193208719 bytes were streamed from 193202445
2026-03-26T03:50:03 prefetch.3.2.0: 1) 'SRR31168974' was downloaded successfully
2026-03-26T03:50:03 prefetch.3.2.0: 1) Resolving 'SRR31168974's dependencies...
2026-03-26T03:50:03 prefetch.3.2.0: 'SRR31168974' has 0 unresolved dependencies
2026-03-26T03:50:06 prefetch.3.2.0: 1) Resolving 'SRR31168977'...
2026-03-26T03:50:07 prefetch.3.2.0: Current preference is set to retrieve SRA Normalized Format files with full base quality scores
2026-03-26T03:50:07 prefetch.3.2.0: 1) Downloading 'SRR31168977'...
2026-03-26T03:50:07 prefetch.3.2.0:  SRA Normalized Format file is being retrieved
2026-03-26T03:50:07 prefetch.3.2.0:  Downloading via HTTPS...
2026-03-26T03:50:12 prefetch.3.2.0:  HTTPS download succeed
2026-03-26T03:50:13 prefetch.3.2.0:  'SRR31168977' is valid: 104122599 bytes were streamed from 104111465
2026-03-26T03:50:13 prefetch.3.2.0: 1) 'SRR31168977' was downloaded successfully
2026-03-26T03:50:13 prefetch.3.2.0: 1) Resolving 'SRR31168977's dependencies...
2026-03-26T03:50:13 prefetch.3.2.0: 'SRR31168977' has 0 unresolved dependencies
2026-03-26T03:50:15 prefetch.3.2.0: 1) Resolving 'SRR33837689'...
2026-03-26T03:50:17 prefetch.3.2.0: Current preference is set to retrieve SRA Normalized Format files with full base quality scores
2026-03-26T03:50:17 prefetch.3.2.0: 1) Downloading 'SRR33837689'...
2026-03-26T03:50:17 prefetch.3.2.0:  SRA Normalized Format file is being retrieved
2026-03-26T03:50:17 prefetch.3.2.0:  Downloading via HTTPS...
2026-03-26T03:50:17 prefetch.3.2.0:  HTTPS download succeed
2026-03-26T03:50:17 prefetch.3.2.0:  'SRR33837689' is valid: 15050403 bytes were streamed from 15048575
2026-03-26T03:50:17 prefetch.3.2.0: 1) 'SRR33837689' was downloaded successfully
2026-03-26T03:50:17 prefetch.3.2.0: 1) Resolving 'SRR33837689's dependencies...
2026-03-26T03:50:17 prefetch.3.2.0: 'SRR33837689' has 0 unresolved dependencies
Archive:  dog_genome.zip
  inflating: README.md               
  inflating: ncbi_dataset/data/assembly_data_report.jsonl  
  inflating: ncbi_dataset/data/GCF_011100685.1/GCF_011100685.1_UU_Cfam_GSD_1.0_genomic.fna  
  inflating: ncbi_dataset/data/dataset_catalog.json  
  inflating: md5sum.txt              
